<?xml version="1.0" encoding="UTF-8"?>
<!-- Generated by org.testng.reporters.JUnitReportReporter -->
<testsuite hostname="mahamedPC" failures="0" tests="1" name="com.Practice2.testcases.Baseclass" time="6.844" errors="0" timestamp="2021-06-03T00:20:22 PDT" skipped="0">
  <testcase classname="com.Practice2.testcases.Baseclass" name="forUrl" time="6.844"/>
  <system-out/>
</testsuite> <!-- com.Practice2.testcases.Baseclass -->
